2024-06-08 00:05:12 INFO  ListenerClass:19 - TEST PASSED: navigateToForgotPasswordPage
2024-06-08 00:05:29 INFO  ListenerClass:19 - TEST PASSED: verifyInvalidForgotPassword
2024-06-08 00:05:46 INFO  ListenerClass:19 - TEST PASSED: verifyInvalidForgotPassword
2024-06-08 00:06:04 INFO  ListenerClass:19 - TEST PASSED: verifyInvalidForgotPassword
2024-06-08 00:06:10 INFO  ListenerClass:19 - TEST PASSED: takeScreenshot
2024-06-08 00:12:32 INFO  ListenerClass:19 - TEST PASSED: navigateToForgotPasswordPage
2024-06-08 00:12:50 INFO  ListenerClass:19 - TEST PASSED: verifyInvalidForgotPassword
INFO  - TEST PASSED: navigateToForgotPasswordPage
INFO  - TEST PASSED: verifyInvalidForgotPassword
INFO  - TEST PASSED: verifyInvalidForgotPassword
INFO  - TEST PASSED: verifyInvalidForgotPassword
INFO  - TEST PASSED: takeScreenshot
INFO  - TEST PASSED: navigateToForgotPasswordPage
INFO  - TEST PASSED: verifyInvalidForgotPassword
INFO  - TEST PASSED: verifyInvalidForgotPassword
INFO  - TEST PASSED: verifyInvalidForgotPassword
INFO  - TEST PASSED: takeScreenshot
INFO  - TEST PASSED: navigateToForgotPasswordPage
INFO  - TEST PASSED: verifyInvalidForgotPassword1
INFO  - TEST PASSED: verifyInvalidForgotPassword1
INFO  - TEST PASSED: verifyInvalidForgotPassword1
INFO  - TEST FAILED: verifyInvalidForgotPassword2
INFO  - TEST PASSED: takeScreenshot
INFO  - TEST PASSED: navigateToForgotPasswordPage
INFO  - TEST PASSED: verifyInvalidForgotPassword1
INFO  - TEST PASSED: verifyInvalidForgotPassword1
INFO  - TEST PASSED: verifyInvalidForgotPassword1
INFO  - TEST PASSED: verifyInvalidForgotPassword2
INFO  - TEST PASSED: takeScreenshot
INFO  - TEST PASSED: navigateToLoginPage
INFO  - TEST FAILED: verifyInvalidLogin1
INFO  - TEST FAILED: verifyInvalidLogin2
INFO  - TEST FAILED: verifyInvalidLogin3
INFO  - TEST PASSED: navigateToLoginPage
INFO  - TEST FAILED: verifyInvalidLogin1
INFO  - TEST FAILED: verifyInvalidLogin2
INFO  - TEST FAILED: verifyInvalidLogin3
INFO  - TEST PASSED: takeScreenshot
INFO  - TEST PASSED: navigateToLoginPage
INFO  - TEST PASSED: verifyInvalidLogin1
INFO  - TEST PASSED: verifyInvalidLogin2
INFO  - TEST PASSED: verifyInvalidLogin3
INFO  - TEST PASSED: takeScreenshot
INFO  - TEST PASSED: navigateToLoginPage
INFO  - TEST FAILED: verifyInvalidLogin1
INFO  - TEST FAILED: verifyInvalidLogin2
INFO  - TEST FAILED: verifyInvalidLogin3
INFO  - TEST PASSED: takeScreenshot
INFO  - TEST PASSED: navigateToLoginPage
INFO  - TEST FAILED: verifyInvalidLogin1
INFO  - TEST FAILED: verifyInvalidLogin2
INFO  - TEST FAILED: verifyInvalidLogin3
INFO  - TEST PASSED: takeScreenshot
INFO  - TEST PASSED: navigateToLoginPage
INFO  - TEST PASSED: verifyInvalidLogin1
INFO  - TEST PASSED: verifyInvalidLogin2
INFO  - TEST PASSED: verifyInvalidLogin3
INFO  - TEST PASSED: takeScreenshot
INFO  - TEST PASSED: navigateToLoginPage
INFO  - TEST PASSED: verifyInvalidLogin1
INFO  - TEST PASSED: verifyInvalidLogin2
INFO  - TEST PASSED: verifyInvalidLogin3
INFO  - TEST PASSED: takeScreenshot
INFO  - TEST PASSED: navigateToForgotPasswordPage
INFO  - TEST PASSED: verifyInvalidForgotPassword1
INFO  - TEST PASSED: verifyInvalidForgotPassword1
INFO  - TEST PASSED: verifyInvalidForgotPassword1
INFO  - TEST PASSED: verifyInvalidForgotPassword2
INFO  - TEST PASSED: takeScreenshot
INFO  - TEST PASSED: navigateToLoginPage
INFO  - TEST FAILED: verifyInvalidLogin1
INFO  - TEST FAILED: verifyInvalidLogin2
INFO  - TEST FAILED: verifyInvalidLogin3
INFO  - TEST PASSED: takeScreenshot
INFO  - TEST PASSED: navigateToForgotPasswordPage
INFO  - TEST PASSED: verifyInvalidForgotPassword1
INFO  - TEST PASSED: verifyInvalidForgotPassword1
INFO  - TEST PASSED: navigateToLoginPage
INFO  - TEST PASSED: verifyInvalidLogin1
INFO  - TEST PASSED: verifyInvalidLogin2
INFO  - TEST PASSED: verifyInvalidLogin3
INFO  - TEST PASSED: takeScreenshot
INFO  - TEST PASSED: navigateToForgotPasswordPage
INFO  - TEST PASSED: verifyInvalidForgotPassword1
INFO  - TEST PASSED: verifyInvalidForgotPassword1
INFO  - TEST PASSED: verifyInvalidForgotPassword1
INFO  - TEST PASSED: verifyInvalidForgotPassword2
INFO  - TEST PASSED: takeScreenshot
INFO  - TEST PASSED: navigateToLoginPage
INFO  - TEST FAILED: verifyInvalidLogin1
INFO  - TEST FAILED: verifyInvalidLogin2
INFO  - TEST FAILED: verifyInvalidLogin3
INFO  - TEST PASSED: navigateToLoginPage
INFO  - TEST FAILED: verifyInvalidLogin1
INFO  - TEST FAILED: verifyInvalidLogin2
INFO  - TEST FAILED: verifyInvalidLogin3
INFO  - TEST PASSED: takeScreenshot
INFO  - TEST PASSED: navigateToForgotPasswordPage
INFO  - TEST PASSED: verifyInvalidForgotPassword1
INFO  - TEST PASSED: verifyInvalidForgotPassword1
INFO  - TEST PASSED: verifyInvalidForgotPassword1
INFO  - TEST PASSED: verifyInvalidForgotPassword2
INFO  - TEST PASSED: takeScreenshot
INFO  - TEST PASSED: navigateToLoginPage
INFO  - TEST PASSED: verifyInvalidLogin1
INFO  - TEST PASSED: verifyInvalidLogin2
INFO  - TEST PASSED: verifyInvalidLogin3
INFO  - TEST PASSED: takeScreenshot
INFO  - TEST PASSED: navigateToForgotPasswordPage
INFO  - TEST PASSED: verifyInvalidForgotPassword1
INFO  - TEST PASSED: verifyInvalidForgotPassword1
INFO  - TEST PASSED: verifyInvalidForgotPassword1
INFO  - TEST PASSED: verifyInvalidForgotPassword2
INFO  - TEST PASSED: takeScreenshot
INFO  - TEST PASSED: navigateToLoginPage
INFO  - TEST PASSED: verifyInvalidLogin1
INFO  - TEST PASSED: verifyInvalidLogin2
INFO  - TEST PASSED: navigateToLoginPage
INFO  - TEST FAILED: verifyInvalidLogin1
INFO  - TEST PASSED: navigateToLoginPage
INFO  - TEST PASSED: verifyInvalidLogin1
INFO  - TEST PASSED: verifyInvalidLogin2
INFO  - TEST PASSED: verifyInvalidLogin3
INFO  - TEST PASSED: takeScreenshot
INFO  - TEST PASSED: navigateToForgotPasswordPage
INFO  - TEST PASSED: verifyInvalidForgotPassword1
INFO  - TEST PASSED: verifyInvalidForgotPassword1
INFO  - TEST PASSED: verifyInvalidForgotPassword1
INFO  - TEST PASSED: verifyInvalidForgotPassword2
INFO  - TEST PASSED: takeScreenshot
INFO  - TEST PASSED: navigateToForgotPasswordPage
INFO  - TEST PASSED: verifyInvalidForgotPassword1
INFO  - TEST PASSED: verifyInvalidForgotPassword1
INFO  - TEST PASSED: verifyInvalidForgotPassword1
INFO  - TEST PASSED: verifyInvalidForgotPassword2
INFO  - TEST PASSED: takeScreenshot
